Parsing data/sv-benchmarks/c/combinations/gcd_3+newton_3_7.i
Converting
Type-checking gcd_3+newton_3_7
Generating GOTO Program
Adding CPROVER library (x86_64)
Removal of function pointers and virtual functions
Generic Property Instrumentation
Running with 8 object bits, 56 offset bits (default)
Starting Bounded Model Checking
aborting path on assume(false) at file <builtin-library-abort> line 6 function abort thread 0
aborting path on assume(false) at file <builtin-library-abort> line 6 function abort thread 0
Runtime Symex: 0.0094645s
size of program expression: 252 steps
simple slicing removed 11 assignments
Generated 2 VCC(s), 2 remaining after simplification
Runtime Postprocess Equation: 2.0326e-05s
Passing problem to refinement loop with MiniSAT 2.2.1 with simplifier
converting SSA
Runtime Convert SSA: 0.0086173s
Running refinement loop with MiniSAT 2.2.1 with simplifier
BV-Refinement: post-processing
BV-Refinement: iteration 1
4280 variables, 3947 clauses
SAT checker: instance is SATISFIABLE
Found spurious '24/floatbv_minus' (state 0)
Found spurious '34/floatbv_div' (state 0)
Found spurious '49/floatbv_minus' (state 0)
Found spurious '59/floatbv_div' (state 0)
Found spurious '74/floatbv_minus' (state 0)
Found spurious '83/floatbv_minus' (state 0)
Found spurious '84/floatbv_div' (state 0)
BV-Refinement: got SAT, and it is spurious, refining
BV-Refinement: iteration 2
4309 variables, 2489 clauses
SAT checker: instance is UNSATISFIABLE
Found assumption for '23/floatbv_plus' in proof (state 0)
Found assumption for '24/floatbv_minus' in proof (state 0)
BV-Refinement: got UNSAT, and the proof fails, refining
BV-Refinement: iteration 3
4309 variables, 2449 clauses
SAT checker: instance is UNSATISFIABLE
Found assumption for '33/floatbv_minus' in proof (state 0)
Found assumption for '34/floatbv_div' in proof (state 0)
BV-Refinement: got UNSAT, and the proof fails, refining
BV-Refinement: iteration 4
4309 variables, 2449 clauses
SAT checker: instance is UNSATISFIABLE
Found assumption for '48/floatbv_plus' in proof (state 0)
Found assumption for '49/floatbv_minus' in proof (state 0)
BV-Refinement: got UNSAT, and the proof fails, refining
BV-Refinement: iteration 5
4309 variables, 2449 clauses
SAT checker: instance is UNSATISFIABLE
Found assumption for '58/floatbv_minus' in proof (state 0)
Found assumption for '59/floatbv_div' in proof (state 0)
BV-Refinement: got UNSAT, and the proof fails, refining
BV-Refinement: iteration 6
4309 variables, 2449 clauses
SAT checker: instance is UNSATISFIABLE
Found assumption for '73/floatbv_plus' in proof (state 0)
Found assumption for '74/floatbv_minus' in proof (state 0)
BV-Refinement: got UNSAT, and the proof fails, refining
BV-Refinement: iteration 7
4309 variables, 2449 clauses
SAT checker: instance is UNSATISFIABLE
Found assumption for '0/mod' in proof (state 0)
Found assumption for '62/floatbv_minus' in proof (state 0)
Found assumption for '64/floatbv_mult' in proof (state 0)
Found assumption for '65/floatbv_mult' in proof (state 0)
Found assumption for '67/floatbv_mult' in proof (state 0)
Found assumption for '68/floatbv_mult' in proof (state 0)
Found assumption for '70/floatbv_mult' in proof (state 0)
Found assumption for '71/floatbv_mult' in proof (state 0)
Found assumption for '76/floatbv_mult' in proof (state 0)
Found assumption for '78/floatbv_mult' in proof (state 0)
Found assumption for '79/floatbv_mult' in proof (state 0)
Found assumption for '81/floatbv_mult' in proof (state 0)
Found assumption for '82/floatbv_mult' in proof (state 0)
Found assumption for '83/floatbv_minus' in proof (state 0)
BV-Refinement: got UNSAT, and the proof fails, refining
BV-Refinement: iteration 8
4309 variables, 2449 clauses
SAT checker: instance is UNSATISFIABLE
Found assumption for '83/floatbv_minus' in proof (state 1)
Found assumption for '84/floatbv_div' in proof (state 0)
BV-Refinement: got UNSAT, and the proof fails, refining
BV-Refinement: iteration 9
4309 variables, 2449 clauses
SAT checker: instance is SATISFIABLE
Found spurious '22/floatbv_plus' (state 0)
Found spurious '24/floatbv_minus' (state 1)
Found spurious '25/floatbv_div' (state 0)
Found spurious '34/floatbv_div' (state 1)
Found spurious '47/floatbv_plus' (state 0)
Found spurious '49/floatbv_minus' (state 1)
Found spurious '50/floatbv_div' (state 0)
Found spurious '59/floatbv_div' (state 1)
Found spurious '72/floatbv_plus' (state 0)
Found spurious '74/floatbv_minus' (state 1)
Found spurious '75/floatbv_div' (state 0)
Found spurious '83/floatbv_minus' (state 1)
Found spurious '84/floatbv_div' (state 1)
BV-Refinement: got SAT, and it is spurious, refining
BV-Refinement: iteration 10
4362 variables, 3598 clauses
SAT checker: instance is SATISFIABLE
Found spurious '10/floatbv_plus' (state 0)
Found spurious '23/floatbv_plus' (state 0)
Found spurious '34/floatbv_div' (state 2)
Found spurious '35/floatbv_plus' (state 0)
Found spurious '48/floatbv_plus' (state 0)
Found spurious '59/floatbv_div' (state 2)
Found spurious '60/floatbv_plus' (state 0)
Found spurious '73/floatbv_plus' (state 0)
Found spurious '83/floatbv_minus' (state 2)
Found spurious '84/floatbv_div' (state 2)
BV-Refinement: got SAT, and it is spurious, refining
BV-Refinement: iteration 11
4412 variables, 4575 clauses
SAT checker: instance is UNSATISFIABLE
Found assumption for '10/floatbv_plus' in proof (state 0)
Found assumption for '22/floatbv_plus' in proof (state 0)
Found assumption for '33/floatbv_minus' in proof (state 1)
BV-Refinement: got UNSAT, and the proof fails, refining
BV-Refinement: iteration 12
4412 variables, 4505 clauses
SAT checker: instance is UNSATISFIABLE
Found assumption for '35/floatbv_plus' in proof (state 0)
Found assumption for '47/floatbv_plus' in proof (state 0)
Found assumption for '58/floatbv_minus' in proof (state 1)
BV-Refinement: got UNSAT, and the proof fails, refining
BV-Refinement: iteration 13
4412 variables, 4505 clauses
SAT checker: instance is SATISFIABLE
Found spurious '23/floatbv_plus' (state 1)
Found spurious '27/floatbv_div' (state 0)
Found spurious '33/floatbv_minus' (state 0)
Found spurious '48/floatbv_plus' (state 1)
Found spurious '52/floatbv_div' (state 0)
Found spurious '58/floatbv_minus' (state 0)
Found spurious '73/floatbv_plus' (state 1)
Found spurious '77/floatbv_div' (state 0)
Found spurious '83/floatbv_minus' (state 3)
BV-Refinement: got SAT, and it is spurious, refining
BV-Refinement: iteration 14
4451 variables, 5342 clauses
SAT checker: instance is UNSATISFIABLE
Found assumption for '72/floatbv_plus' in proof (state 0)
Found assumption for '73/floatbv_plus' in proof (state 1)
Found assumption for '74/floatbv_minus' in proof (state 1)
Found assumption for '75/floatbv_div' in proof (state 0)
Found assumption for '77/floatbv_div' in proof (state 0)
Found assumption for '79/floatbv_mult' in proof (state 1)
Found assumption for '82/floatbv_mult' in proof (state 1)
BV-Refinement: got UNSAT, and the proof fails, refining
BV-Refinement: iteration 15
4451 variables, 5288 clauses
SAT checker: instance is SATISFIABLE
Found spurious '22/floatbv_plus' (state 1)
Found spurious '33/floatbv_minus' (state 1)
Found spurious '34/floatbv_div' (state 3)
Found spurious '35/floatbv_plus' (state 1)
Found spurious '44/floatbv_div' (state 0)
Found spurious '47/floatbv_plus' (state 1)
Found spurious '58/floatbv_minus' (state 1)
Found spurious '59/floatbv_div' (state 3)
Found spurious '72/floatbv_plus' (state 1)
Found spurious '73/floatbv_plus' (state 2)
Found spurious '77/floatbv_div' (state 1)
Found spurious '78/floatbv_mult' (state 0)
Found spurious '82/floatbv_mult' (state 0)
Found spurious '83/floatbv_minus' (state 4)
Found spurious '84/floatbv_div' (state 3)
BV-Refinement: got SAT, and it is spurious, refining
BV-Refinement: iteration 16
4522 variables, 6791 clauses
SAT checker: instance is SATISFIABLE
Found spurious '10/floatbv_plus' (state 1)
Found spurious '19/floatbv_div' (state 0)
Found spurious '22/floatbv_plus' (state 2)
Found spurious '30/floatbv_div' (state 0)
Found spurious '33/floatbv_minus' (state 2)
Found spurious '34/floatbv_div' (state 4)
Found spurious '35/floatbv_plus' (state 2)
Found spurious '36/floatbv_plus' (state 0)
Found spurious '47/floatbv_plus' (state 2)
Found spurious '55/floatbv_div' (state 0)
Found spurious '58/floatbv_minus' (state 2)
Found spurious '59/floatbv_div' (state 4)
Found spurious '62/floatbv_minus' (state 0)
Found spurious '72/floatbv_plus' (state 2)
Found spurious '77/floatbv_div' (state 2)
Found spurious '78/floatbv_mult' (state 1)
Found spurious '82/floatbv_mult' (state 1)
Found spurious '83/floatbv_minus' (state 10000)
BV-Refinement: got SAT, and it is spurious, refining
BV-Refinement: iteration 17
5799 variables, 13344 clauses
SAT checker: instance is SATISFIABLE
Found spurious '10/floatbv_plus' (state 2)
Found spurious '11/floatbv_plus' (state 0)
Found spurious '33/floatbv_minus' (state 3)
Found spurious '34/floatbv_div' (state 10000)
Found spurious '58/floatbv_minus' (state 3)
Found spurious '59/floatbv_div' (state 10000)
Found spurious '62/floatbv_minus' (state 1)
Found spurious '64/floatbv_mult' (state 0)
Found spurious '65/floatbv_mult' (state 0)
Found spurious '67/floatbv_mult' (state 0)
Found spurious '68/floatbv_mult' (state 0)
Found spurious '70/floatbv_mult' (state 0)
Found spurious '71/floatbv_mult' (state 0)
Found spurious '72/floatbv_plus' (state 3)
Found spurious '73/floatbv_plus' (state 3)
Found spurious '74/floatbv_minus' (state 2)
Found spurious '75/floatbv_div' (state 1)
Found spurious '76/floatbv_mult' (state 0)
Found spurious '77/floatbv_div' (state 3)
Found spurious '78/floatbv_mult' (state 2)
Found spurious '79/floatbv_mult' (state 0)
Found spurious '80/floatbv_div' (state 0)
Found spurious '81/floatbv_mult' (state 0)
Found spurious '82/floatbv_mult' (state 2)
BV-Refinement: got SAT, and it is spurious, refining
BV-Refinement: iteration 18
15009 variables, 58762 clauses
SAT checker: instance is SATISFIABLE
Found spurious '58/floatbv_minus' (state 4)
Found spurious '62/floatbv_minus' (state 2)
Found spurious '64/floatbv_mult' (state 1)
Found spurious '67/floatbv_mult' (state 1)
Found spurious '68/floatbv_mult' (state 1)
Found spurious '70/floatbv_mult' (state 1)
Found spurious '71/floatbv_mult' (state 1)
Found spurious '72/floatbv_plus' (state 4)
Found spurious '73/floatbv_plus' (state 4)
Found spurious '74/floatbv_minus' (state 3)
Found spurious '75/floatbv_div' (state 2)
Found spurious '76/floatbv_mult' (state 1)
Found spurious '77/floatbv_div' (state 4)
Found spurious '78/floatbv_mult' (state 3)
Found spurious '79/floatbv_mult' (state 1)
Found spurious '82/floatbv_mult' (state 3)
Found spurious '84/floatbv_div' (state 4)
BV-Refinement: got SAT, and it is spurious, refining
BV-Refinement: iteration 19
15088 variables, 56752 clauses
SAT checker: instance is SATISFIABLE
Found spurious '63/floatbv_div' (state 0)
Found spurious '68/floatbv_mult' (state 2)
Found spurious '71/floatbv_mult' (state 2)
Found spurious '73/floatbv_plus' (state 10000)
Found spurious '74/floatbv_minus' (state 4)
Found spurious '75/floatbv_div' (state 3)
Found spurious '76/floatbv_mult' (state 2)
Found spurious '78/floatbv_mult' (state 4)
Found spurious '79/floatbv_mult' (state 2)
Found spurious '81/floatbv_mult' (state 1)
Found spurious '84/floatbv_div' (state 10000)
BV-Refinement: got SAT, and it is spurious, refining
BV-Refinement: iteration 20
20881 variables, 84638 clauses
SAT checker: instance is SATISFIABLE
Found spurious '72/floatbv_plus' (state 10000)
Found spurious '77/floatbv_div' (state 10000)
Found spurious '78/floatbv_mult' (state 10000)
Found spurious '79/floatbv_mult' (state 3)
Found spurious '81/floatbv_mult' (state 2)
Found spurious '82/floatbv_mult' (state 4)
BV-Refinement: got SAT, and it is spurious, refining
BV-Refinement: iteration 21
26546 variables, 107637 clauses
SAT checker: instance is UNSATISFIABLE
Found assumption for '0/mod' in proof (state 1)
Found assumption for '1/mod' in proof (state 0)
Found assumption for '35/floatbv_plus' in proof (state 1)
Found assumption for '36/floatbv_plus' in proof (state 0)
Found assumption for '37/floatbv_minus' in proof (state 0)
Found assumption for '39/floatbv_mult' in proof (state 0)
Found assumption for '40/floatbv_mult' in proof (state 0)
Found assumption for '42/floatbv_mult' in proof (state 0)
Found assumption for '43/floatbv_mult' in proof (state 0)
Found assumption for '44/floatbv_div' in proof (state 0)
Found assumption for '45/floatbv_mult' in proof (state 0)
Found assumption for '46/floatbv_mult' in proof (state 0)
Found assumption for '47/floatbv_plus' in proof (state 1)
Found assumption for '48/floatbv_plus' in proof (state 1)
Found assumption for '49/floatbv_minus' in proof (state 1)
Found assumption for '50/floatbv_div' in proof (state 0)
Found assumption for '51/floatbv_mult' in proof (state 0)
Found assumption for '52/floatbv_div' in proof (state 0)
Found assumption for '53/floatbv_mult' in proof (state 0)
Found assumption for '54/floatbv_mult' in proof (state 0)
Found assumption for '55/floatbv_div' in proof (state 0)
Found assumption for '56/floatbv_mult' in proof (state 0)
Found assumption for '57/floatbv_mult' in proof (state 0)
Found assumption for '60/floatbv_plus' in proof (state 0)
Found assumption for '72/floatbv_plus' in proof (state 1)
Found assumption for '80/floatbv_div' in proof (state 0)
BV-Refinement: got UNSAT, and the proof fails, refining
BV-Refinement: iteration 22
26546 variables, 104690 clauses
SAT checker: instance is SATISFIABLE
Found spurious '33/floatbv_minus' (state 4)
Found spurious '37/floatbv_minus' (state 0)
Found spurious '39/floatbv_mult' (state 0)
Found spurious '42/floatbv_mult' (state 0)
Found spurious '43/floatbv_mult' (state 0)
Found spurious '45/floatbv_mult' (state 0)
Found spurious '46/floatbv_mult' (state 0)
Found spurious '53/floatbv_mult' (state 0)
Found spurious '54/floatbv_mult' (state 0)
Found spurious '56/floatbv_mult' (state 0)
Found spurious '57/floatbv_mult' (state 0)
Found spurious '58/floatbv_minus' (state 10000)
Found spurious '60/floatbv_plus' (state 1)
Found spurious '62/floatbv_minus' (state 3)
Found spurious '65/floatbv_mult' (state 1)
Found spurious '69/floatbv_div' (state 0)
Found spurious '74/floatbv_minus' (state 10000)
Found spurious '75/floatbv_div' (state 4)
Found spurious '76/floatbv_mult' (state 3)
Found spurious '79/floatbv_mult' (state 4)
Found spurious '80/floatbv_div' (state 1)
Found spurious '81/floatbv_mult' (state 3)
Found spurious '82/floatbv_mult' (state 10000)
BV-Refinement: got SAT, and it is spurious, refining
BV-Refinement: iteration 23
31889 variables, 130670 clauses
SAT checker: instance is SATISFIABLE
Found spurious '35/floatbv_plus' (state 3)
Found spurious '37/floatbv_minus' (state 1)
Found spurious '38/floatbv_div' (state 0)
Found spurious '40/floatbv_mult' (state 0)
Found spurious '43/floatbv_mult' (state 1)
Found spurious '44/floatbv_div' (state 1)
Found spurious '45/floatbv_mult' (state 1)
Found spurious '46/floatbv_mult' (state 1)
Found spurious '47/floatbv_plus' (state 3)
Found spurious '55/floatbv_div' (state 1)
Found spurious '56/floatbv_mult' (state 1)
Found spurious '60/floatbv_plus' (state 2)
Found spurious '61/floatbv_plus' (state 0)
Found spurious '62/floatbv_minus' (state 4)
Found spurious '65/floatbv_mult' (state 2)
Found spurious '75/floatbv_div' (state 10000)
Found spurious '76/floatbv_mult' (state 4)
Found spurious '79/floatbv_mult' (state 10000)
Found spurious '80/floatbv_div' (state 2)
Found spurious '81/floatbv_mult' (state 4)
BV-Refinement: got SAT, and it is spurious, refining
BV-Refinement: iteration 24
36320 variables, 149304 clauses
SAT checker: instance is SATISFIABLE
Found spurious '35/floatbv_plus' (state 4)
Found spurious '36/floatbv_plus' (state 1)
Found spurious '37/floatbv_minus' (state 2)
Found spurious '44/floatbv_div' (state 2)
Found spurious '45/floatbv_mult' (state 2)
Found spurious '47/floatbv_plus' (state 4)
Found spurious '48/floatbv_plus' (state 2)
Found spurious '52/floatbv_div' (state 1)
Found spurious '53/floatbv_mult' (state 1)
Found spurious '55/floatbv_div' (state 2)
Found spurious '56/floatbv_mult' (state 2)
Found spurious '57/floatbv_mult' (state 1)
Found spurious '62/floatbv_minus' (state 10000)
Found spurious '65/floatbv_mult' (state 3)
Found spurious '76/floatbv_mult' (state 10000)
Found spurious '81/floatbv_mult' (state 10000)
BV-Refinement: got SAT, and it is spurious, refining
BV-Refinement: iteration 25
43340 variables, 182192 clauses
SAT checker: instance is UNSATISFIABLE
Found assumption for '0/mod' in proof (state 2)
Found assumption for '1/mod' in proof (state 1)
Found assumption for '2/mod' in proof (state 0)
Found assumption for '60/floatbv_plus' in proof (state 1)
Found assumption for '61/floatbv_plus' in proof (state 0)
Found assumption for '62/floatbv_minus' in proof (state 1)
Found assumption for '63/floatbv_div' in proof (state 0)
Found assumption for '64/floatbv_mult' in proof (state 1)
Found assumption for '65/floatbv_mult' in proof (state 1)
Found assumption for '67/floatbv_mult' in proof (state 1)
Found assumption for '68/floatbv_mult' in proof (state 1)
Found assumption for '69/floatbv_div' in proof (state 0)
Found assumption for '70/floatbv_mult' in proof (state 1)
Found assumption for '71/floatbv_mult' in proof (state 1)
Found assumption for '75/floatbv_div' in proof (state 1)
Found assumption for '76/floatbv_mult' in proof (state 1)
Found assumption for '77/floatbv_div' in proof (state 1)
Found assumption for '78/floatbv_mult' in proof (state 1)
Found assumption for '80/floatbv_div' in proof (state 1)
Found assumption for '81/floatbv_mult' in proof (state 1)
BV-Refinement: got UNSAT, and the proof fails, refining
BV-Refinement: iteration 26
43340 variables, 179778 clauses
SAT checker: instance is SATISFIABLE
Found spurious '0/mod' (state 0)
Found spurious '35/floatbv_plus' (state 10000)
Found spurious '36/floatbv_plus' (state 2)
Found spurious '41/floatbv_div' (state 0)
Found spurious '52/floatbv_div' (state 2)
Found spurious '53/floatbv_mult' (state 2)
Found spurious '54/floatbv_mult' (state 1)
Found spurious '60/floatbv_plus' (state 3)
Found spurious '61/floatbv_plus' (state 1)
Found spurious '63/floatbv_div' (state 1)
Found spurious '64/floatbv_mult' (state 2)
Found spurious '67/floatbv_mult' (state 2)
Found spurious '68/floatbv_mult' (state 3)
Found spurious '69/floatbv_div' (state 1)
Found spurious '70/floatbv_mult' (state 2)
Found spurious '71/floatbv_mult' (state 3)
BV-Refinement: got SAT, and it is spurious, refining
BV-Refinement: iteration 27
47254 variables, 198484 clauses
SAT checker: instance is SATISFIABLE
Found spurious '47/floatbv_plus' (state 10000)
Found spurious '50/floatbv_div' (state 1)
Found spurious '51/floatbv_mult' (state 0)
Found spurious '54/floatbv_mult' (state 2)
Found spurious '55/floatbv_div' (state 3)
Found spurious '57/floatbv_mult' (state 2)
Found spurious '60/floatbv_plus' (state 4)
Found spurious '61/floatbv_plus' (state 2)
Found spurious '63/floatbv_div' (state 2)
Found spurious '64/floatbv_mult' (state 3)
Found spurious '65/floatbv_mult' (state 4)
Found spurious '69/floatbv_div' (state 2)
Found spurious '70/floatbv_mult' (state 3)
BV-Refinement: got SAT, and it is spurious, refining
BV-Refinement: iteration 28
48506 variables, 195918 clauses
SAT checker: instance is SATISFIABLE
Found spurious '60/floatbv_plus' (state 10000)
Found spurious '61/floatbv_plus' (state 3)
Found spurious '63/floatbv_div' (state 3)
Found spurious '64/floatbv_mult' (state 4)
Found spurious '66/floatbv_div' (state 0)
BV-Refinement: got SAT, and it is spurious, refining
BV-Refinement: iteration 29
49722 variables, 200269 clauses
SAT checker: instance is UNSATISFIABLE
Found assumption for '0/mod' in proof (state 3)
Found assumption for '1/mod' in proof (state 2)
Found assumption for '2/mod' in proof (state 1)
Found assumption for '3/mod' in proof (state 0)
Found assumption for '10/floatbv_plus' in proof (state 1)
Found assumption for '11/floatbv_plus' in proof (state 0)
Found assumption for '12/floatbv_minus' in proof (state 0)
Found assumption for '14/floatbv_mult' in proof (state 0)
Found assumption for '15/floatbv_mult' in proof (state 0)
Found assumption for '17/floatbv_mult' in proof (state 0)
Found assumption for '18/floatbv_mult' in proof (state 0)
Found assumption for '19/floatbv_div' in proof (state 0)
Found assumption for '20/floatbv_mult' in proof (state 0)
Found assumption for '21/floatbv_mult' in proof (state 0)
Found assumption for '22/floatbv_plus' in proof (state 1)
Found assumption for '23/floatbv_plus' in proof (state 1)
Found assumption for '24/floatbv_minus' in proof (state 1)
Found assumption for '25/floatbv_div' in proof (state 0)
Found assumption for '26/floatbv_mult' in proof (state 0)
Found assumption for '27/floatbv_div' in proof (state 0)
Found assumption for '28/floatbv_mult' in proof (state 0)
Found assumption for '29/floatbv_mult' in proof (state 0)
Found assumption for '30/floatbv_div' in proof (state 0)
Found assumption for '31/floatbv_mult' in proof (state 0)
Found assumption for '32/floatbv_mult' in proof (state 0)
Found assumption for '36/floatbv_plus' in proof (state 1)
Found assumption for '37/floatbv_minus' in proof (state 1)
Found assumption for '38/floatbv_div' in proof (state 0)
Found assumption for '41/floatbv_div' in proof (state 0)
Found assumption for '43/floatbv_mult' in proof (state 1)
Found assumption for '46/floatbv_mult' in proof (state 1)
Found assumption for '61/floatbv_plus' in proof (state 1)
Found assumption for '66/floatbv_div' in proof (state 0)
BV-Refinement: got UNSAT, and the proof fails, refining
BV-Refinement: iteration 30
49722 variables, 199310 clauses
SAT checker: instance is SATISFIABLE
Found spurious '66/floatbv_div' (state 1)
Found spurious '67/floatbv_mult' (state 3)
Found spurious '69/floatbv_div' (state 3)
Found spurious '70/floatbv_mult' (state 4)
Found spurious '71/floatbv_mult' (state 4)
BV-Refinement: got SAT, and it is spurious, refining
BV-Refinement: iteration 31
49743 variables, 199763 clauses
SAT checker: instance is SATISFIABLE
Found spurious '12/floatbv_minus' (state 0)
Found spurious '33/floatbv_minus' (state 10000)
Found spurious '36/floatbv_plus' (state 3)
Found spurious '37/floatbv_minus' (state 3)
Found spurious '39/floatbv_mult' (state 1)
Found spurious '42/floatbv_mult' (state 1)
Found spurious '43/floatbv_mult' (state 2)
Found spurious '44/floatbv_div' (state 3)
Found spurious '45/floatbv_mult' (state 3)
Found spurious '46/floatbv_mult' (state 2)
Found spurious '48/floatbv_plus' (state 3)
Found spurious '52/floatbv_div' (state 3)
Found spurious '53/floatbv_mult' (state 3)
Found spurious '54/floatbv_mult' (state 3)
Found spurious '55/floatbv_div' (state 4)
Found spurious '56/floatbv_mult' (state 3)
Found spurious '57/floatbv_mult' (state 3)
Found spurious '61/floatbv_plus' (state 4)
Found spurious '64/floatbv_mult' (state 10000)
Found spurious '65/floatbv_mult' (state 10000)
Found spurious '67/floatbv_mult' (state 4)
Found spurious '68/floatbv_mult' (state 4)
Found spurious '69/floatbv_div' (state 4)
Found spurious '70/floatbv_mult' (state 10000)
BV-Refinement: got SAT, and it is spurious, refining
BV-Refinement: iteration 32
59690 variables, 249598 clauses
SAT checker: instance is SATISFIABLE
Found spurious '10/floatbv_plus' (state 3)
Found spurious '11/floatbv_plus' (state 1)
Found spurious '12/floatbv_minus' (state 1)
Found spurious '13/floatbv_div' (state 0)
Found spurious '15/floatbv_mult' (state 0)
Found spurious '16/floatbv_div' (state 0)
Found spurious '22/floatbv_plus' (state 3)
Found spurious '26/floatbv_mult' (state 0)
Found spurious '30/floatbv_div' (state 1)
Found spurious '31/floatbv_mult' (state 0)
Found spurious '36/floatbv_plus' (state 4)
Found spurious '37/floatbv_minus' (state 4)
Found spurious '38/floatbv_div' (state 1)
Found spurious '39/floatbv_mult' (state 2)
Found spurious '41/floatbv_div' (state 1)
Found spurious '42/floatbv_mult' (state 2)
Found spurious '43/floatbv_mult' (state 3)
Found spurious '44/floatbv_div' (state 4)
Found spurious '45/floatbv_mult' (state 4)
Found spurious '46/floatbv_mult' (state 3)
Found spurious '61/floatbv_plus' (state 10000)
Found spurious '63/floatbv_div' (state 4)
Found spurious '67/floatbv_mult' (state 10000)
Found spurious '68/floatbv_mult' (state 10000)
Found spurious '69/floatbv_div' (state 10000)
Found spurious '71/floatbv_mult' (state 10000)
Found spurious '80/floatbv_div' (state 3)
BV-Refinement: got SAT, and it is spurious, refining
BV-Refinement: iteration 33
71657 variables, 305033 clauses
SAT checker: instance is SATISFIABLE
Found spurious '10/floatbv_plus' (state 4)
Found spurious '11/floatbv_plus' (state 2)
Found spurious '12/floatbv_minus' (state 2)
Found spurious '14/floatbv_mult' (state 0)
Found spurious '15/floatbv_mult' (state 1)
Found spurious '17/floatbv_mult' (state 0)
Found spurious '18/floatbv_mult' (state 0)
Found spurious '19/floatbv_div' (state 1)
Found spurious '20/floatbv_mult' (state 0)
Found spurious '21/floatbv_mult' (state 0)
Found spurious '22/floatbv_plus' (state 4)
Found spurious '23/floatbv_plus' (state 2)
Found spurious '24/floatbv_minus' (state 2)
Found spurious '25/floatbv_div' (state 1)
Found spurious '26/floatbv_mult' (state 1)
Found spurious '28/floatbv_mult' (state 0)
Found spurious '29/floatbv_mult' (state 0)
Found spurious '30/floatbv_div' (state 2)
Found spurious '31/floatbv_mult' (state 1)
Found spurious '32/floatbv_mult' (state 0)
Found spurious '36/floatbv_plus' (state 10000)
Found spurious '41/floatbv_div' (state 2)
Found spurious '42/floatbv_mult' (state 3)
Found spurious '44/floatbv_div' (state 10000)
Found spurious '45/floatbv_mult' (state 10000)
Found spurious '46/floatbv_mult' (state 4)
Found spurious '63/floatbv_div' (state 10000)
Found spurious '66/floatbv_div' (state 2)
Found spurious '80/floatbv_div' (state 4)
BV-Refinement: got SAT, and it is spurious, refining
BV-Refinement: iteration 34
79411 variables, 336563 clauses
SAT checker: instance is SATISFIABLE
Found spurious '10/floatbv_plus' (state 10000)
Found spurious '11/floatbv_plus' (state 3)
Found spurious '12/floatbv_minus' (state 3)
Found spurious '14/floatbv_mult' (state 1)
Found spurious '15/floatbv_mult' (state 2)
Found spurious '17/floatbv_mult' (state 1)
Found spurious '18/floatbv_mult' (state 1)
Found spurious '19/floatbv_div' (state 2)
Found spurious '20/floatbv_mult' (state 1)
Found spurious '21/floatbv_mult' (state 1)
Found spurious '22/floatbv_plus' (state 10000)
Found spurious '23/floatbv_plus' (state 3)
Found spurious '24/floatbv_minus' (state 3)
Found spurious '25/floatbv_div' (state 2)
Found spurious '26/floatbv_mult' (state 2)
Found spurious '27/floatbv_div' (state 1)
Found spurious '28/floatbv_mult' (state 1)
Found spurious '29/floatbv_mult' (state 1)
Found spurious '30/floatbv_div' (state 3)
Found spurious '31/floatbv_mult' (state 2)
Found spurious '32/floatbv_mult' (state 1)
Found spurious '37/floatbv_minus' (state 10000)
Found spurious '40/floatbv_mult' (state 1)
Found spurious '46/floatbv_mult' (state 10000)
Found spurious '48/floatbv_plus' (state 4)
Found spurious '49/floatbv_minus' (state 2)
Found spurious '50/floatbv_div' (state 2)
Found spurious '51/floatbv_mult' (state 1)
Found spurious '54/floatbv_mult' (state 4)
Found spurious '55/floatbv_div' (state 10000)
Found spurious '56/floatbv_mult' (state 4)
Found spurious '66/floatbv_div' (state 3)
Found spurious '80/floatbv_div' (state 10000)
BV-Refinement: got SAT, and it is spurious, refining
BV-Refinement: iteration 35
89616 variables, 378609 clauses
SAT checker: instance is SATISFIABLE
Found spurious '11/floatbv_plus' (state 4)
Found spurious '14/floatbv_mult' (state 2)
Found spurious '19/floatbv_div' (state 3)
Found spurious '20/floatbv_mult' (state 2)
Found spurious '23/floatbv_plus' (state 4)
Found spurious '27/floatbv_div' (state 2)
Found spurious '28/floatbv_mult' (state 2)
Found spurious '29/floatbv_mult' (state 2)
Found spurious '30/floatbv_div' (state 4)
Found spurious '32/floatbv_mult' (state 2)
Found spurious '38/floatbv_div' (state 2)
Found spurious '39/floatbv_mult' (state 3)
Found spurious '40/floatbv_mult' (state 2)
Found spurious '41/floatbv_div' (state 3)
Found spurious '42/floatbv_mult' (state 4)
Found spurious '43/floatbv_mult' (state 4)
Found spurious '48/floatbv_plus' (state 10000)
Found spurious '49/floatbv_minus' (state 3)
Found spurious '51/floatbv_mult' (state 2)
Found spurious '52/floatbv_div' (state 4)
Found spurious '53/floatbv_mult' (state 4)
Found spurious '54/floatbv_mult' (state 10000)
Found spurious '56/floatbv_mult' (state 10000)
Found spurious '57/floatbv_mult' (state 4)
Found spurious '66/floatbv_div' (state 4)
BV-Refinement: got SAT, and it is spurious, refining
BV-Refinement: iteration 36
96698 variables, 407758 clauses
SAT checker: instance is SATISFIABLE
Found spurious '11/floatbv_plus' (state 10000)
Found spurious '12/floatbv_minus' (state 4)
Found spurious '15/floatbv_mult' (state 3)
Found spurious '17/floatbv_mult' (state 2)
Found spurious '18/floatbv_mult' (state 2)
Found spurious '19/floatbv_div' (state 4)
Found spurious '20/floatbv_mult' (state 3)
Found spurious '21/floatbv_mult' (state 2)
Found spurious '23/floatbv_plus' (state 10000)
Found spurious '24/floatbv_minus' (state 4)
Found spurious '25/floatbv_div' (state 3)
Found spurious '26/floatbv_mult' (state 3)
Found spurious '27/floatbv_div' (state 3)
Found spurious '28/floatbv_mult' (state 3)
Found spurious '29/floatbv_mult' (state 3)
Found spurious '30/floatbv_div' (state 10000)
Found spurious '31/floatbv_mult' (state 3)
Found spurious '38/floatbv_div' (state 3)
Found spurious '39/floatbv_mult' (state 4)
Found spurious '41/floatbv_div' (state 4)
Found spurious '42/floatbv_mult' (state 10000)
Found spurious '43/floatbv_mult' (state 10000)
Found spurious '49/floatbv_minus' (state 4)
Found spurious '50/floatbv_div' (state 3)
Found spurious '52/floatbv_div' (state 10000)
Found spurious '53/floatbv_mult' (state 10000)
Found spurious '57/floatbv_mult' (state 10000)
BV-Refinement: got SAT, and it is spurious, refining
BV-Refinement: iteration 37
114105 variables, 487885 clauses
SAT checker: instance is SATISFIABLE
Found spurious '12/floatbv_minus' (state 10000)
Found spurious '14/floatbv_mult' (state 3)
Found spurious '15/floatbv_mult' (state 4)
Found spurious '17/floatbv_mult' (state 3)
Found spurious '18/floatbv_mult' (state 3)
Found spurious '19/floatbv_div' (state 10000)
Found spurious '20/floatbv_mult' (state 4)
Found spurious '21/floatbv_mult' (state 3)
Found spurious '24/floatbv_minus' (state 10000)
Found spurious '25/floatbv_div' (state 4)
Found spurious '26/floatbv_mult' (state 4)
Found spurious '27/floatbv_div' (state 4)
Found spurious '28/floatbv_mult' (state 4)
Found spurious '29/floatbv_mult' (state 4)
Found spurious '31/floatbv_mult' (state 4)
Found spurious '32/floatbv_mult' (state 3)
Found spurious '38/floatbv_div' (state 4)
Found spurious '39/floatbv_mult' (state 10000)
Found spurious '40/floatbv_mult' (state 3)
Found spurious '41/floatbv_div' (state 10000)
Found spurious '49/floatbv_minus' (state 10000)
Found spurious '50/floatbv_div' (state 4)
Found spurious '51/floatbv_mult' (state 3)
Found spurious '66/floatbv_div' (state 10000)
BV-Refinement: got SAT, and it is spurious, refining
BV-Refinement: iteration 38
125925 variables, 532776 clauses
SAT checker: instance is SATISFIABLE
Found spurious '14/floatbv_mult' (state 4)
Found spurious '15/floatbv_mult' (state 10000)
Found spurious '25/floatbv_div' (state 10000)
Found spurious '26/floatbv_mult' (state 10000)
Found spurious '27/floatbv_div' (state 10000)
Found spurious '28/floatbv_mult' (state 10000)
Found spurious '29/floatbv_mult' (state 10000)
Found spurious '31/floatbv_mult' (state 10000)
Found spurious '32/floatbv_mult' (state 4)
Found spurious '38/floatbv_div' (state 10000)
Found spurious '40/floatbv_mult' (state 4)
Found spurious '50/floatbv_div' (state 10000)
Found spurious '51/floatbv_mult' (state 4)
BV-Refinement: got SAT, and it is spurious, refining
BV-Refinement: iteration 39
146385 variables, 619298 clauses
SAT checker: instance is UNSATISFIABLE
Found assumption for '0/mod' in proof (state 4)
Found assumption for '1/mod' in proof (state 3)
Found assumption for '2/mod' in proof (state 2)
Found assumption for '3/mod' in proof (state 1)
Found assumption for '4/mod' in proof (state 0)
Found assumption for '11/floatbv_plus' in proof (state 1)
Found assumption for '12/floatbv_minus' in proof (state 1)
Found assumption for '13/floatbv_div' in proof (state 0)
Found assumption for '14/floatbv_mult' in proof (state 1)
Found assumption for '15/floatbv_mult' in proof (state 1)
Found assumption for '16/floatbv_div' in proof (state 0)
Found assumption for '17/floatbv_mult' in proof (state 1)
Found assumption for '18/floatbv_mult' in proof (state 1)
Found assumption for '19/floatbv_div' in proof (state 1)
Found assumption for '20/floatbv_mult' in proof (state 1)
Found assumption for '21/floatbv_mult' in proof (state 1)
Found assumption for '25/floatbv_div' in proof (state 1)
Found assumption for '26/floatbv_mult' in proof (state 1)
Found assumption for '27/floatbv_div' in proof (state 1)
Found assumption for '28/floatbv_mult' in proof (state 1)
Found assumption for '29/floatbv_mult' in proof (state 1)
Found assumption for '30/floatbv_div' in proof (state 1)
Found assumption for '31/floatbv_mult' in proof (state 1)
Found assumption for '32/floatbv_mult' in proof (state 1)
Found assumption for '34/floatbv_div' in proof (state 1)
Found assumption for '38/floatbv_div' in proof (state 1)
Found assumption for '39/floatbv_mult' in proof (state 1)
Found assumption for '40/floatbv_mult' in proof (state 1)
Found assumption for '41/floatbv_div' in proof (state 1)
Found assumption for '42/floatbv_mult' in proof (state 1)
Found assumption for '44/floatbv_div' in proof (state 1)
Found assumption for '45/floatbv_mult' in proof (state 1)
Found assumption for '50/floatbv_div' in proof (state 1)
Found assumption for '51/floatbv_mult' in proof (state 1)
Found assumption for '52/floatbv_div' in proof (state 1)
Found assumption for '53/floatbv_mult' in proof (state 1)
Found assumption for '54/floatbv_mult' in proof (state 1)
Found assumption for '55/floatbv_div' in proof (state 1)
Found assumption for '56/floatbv_mult' in proof (state 1)
Found assumption for '57/floatbv_mult' in proof (state 1)
Found assumption for '59/floatbv_div' in proof (state 1)
Found assumption for '63/floatbv_div' in proof (state 1)
Found assumption for '66/floatbv_div' in proof (state 1)
Found assumption for '69/floatbv_div' in proof (state 1)
Found assumption for '84/floatbv_div' in proof (state 1)
BV-Refinement: got UNSAT, and the proof fails, refining
BV-Refinement: iteration 40
146385 variables, 607823 clauses
SAT checker: instance is SATISFIABLE
Found spurious '1/mod' (state 0)
Found spurious '2/mod' (state 0)
Found spurious '13/floatbv_div' (state 1)
Found spurious '14/floatbv_mult' (state 10000)
Found spurious '16/floatbv_div' (state 1)
Found spurious '17/floatbv_mult' (state 4)
Found spurious '18/floatbv_mult' (state 4)
Found spurious '20/floatbv_mult' (state 10000)
Found spurious '21/floatbv_mult' (state 4)
Found spurious '32/floatbv_mult' (state 10000)
Found spurious '40/floatbv_mult' (state 10000)
Found spurious '51/floatbv_mult' (state 10000)
BV-Refinement: got SAT, and it is spurious, refining
BV-Refinement: iteration 41
166126 variables, 704454 clauses
SAT checker: instance is SATISFIABLE
Found spurious '16/floatbv_div' (state 2)
Found spurious '17/floatbv_mult' (state 10000)
Found spurious '21/floatbv_mult' (state 10000)
BV-Refinement: got SAT, and it is spurious, refining
BV-Refinement: iteration 42
171917 variables, 713850 clauses
SAT checker: instance is SATISFIABLE
Found spurious '16/floatbv_div' (state 3)
Found spurious '18/floatbv_mult' (state 10000)
BV-Refinement: got SAT, and it is spurious, refining
BV-Refinement: iteration 43
174814 variables, 726454 clauses
SAT checker: instance is SATISFIABLE
Found spurious '13/floatbv_div' (state 2)
Found spurious '16/floatbv_div' (state 4)
BV-Refinement: got SAT, and it is spurious, refining
BV-Refinement: iteration 44
174820 variables, 725876 clauses
SAT checker: instance is SATISFIABLE
Found spurious '13/floatbv_div' (state 3)
Found spurious '16/floatbv_div' (state 10000)
BV-Refinement: got SAT, and it is spurious, refining
BV-Refinement: iteration 45
176497 variables, 732778 clauses
SAT checker: instance is SATISFIABLE
Found spurious '13/floatbv_div' (state 4)
BV-Refinement: got SAT, and it is spurious, refining
BV-Refinement: iteration 46
176500 variables, 730703 clauses
SAT checker: instance is SATISFIABLE
Found spurious '13/floatbv_div' (state 10000)
BV-Refinement: got SAT, and it is spurious, refining
BV-Refinement: iteration 47
178058 variables, 736748 clauses
SAT checker: instance is UNSATISFIABLE
Found assumption for '0/mod' in proof (state 5)
Found assumption for '1/mod' in proof (state 4)
Found assumption for '2/mod' in proof (state 3)
Found assumption for '3/mod' in proof (state 2)
Found assumption for '4/mod' in proof (state 1)
Found assumption for '5/mod' in proof (state 0)
Found assumption for '13/floatbv_div' in proof (state 1)
Found assumption for '16/floatbv_div' in proof (state 1)
BV-Refinement: got UNSAT, and the proof fails, refining
BV-Refinement: iteration 48
178058 variables, 735461 clauses
SAT checker: instance is SATISFIABLE
BV-Refinement: got SAT, and it simulates => SAT
Total iterations: 48
Runtime Solver: 229.483s
Runtime decision procedure: 229.491s
Building error trace
** Results:
data/sv-benchmarks/c/combinations/gcd_3+newton_3_7.i function reach_error
[reach_error.assertion.1] line 22 assertion 0: FAILURE
Trace for reach_error.assertion.1:
State 29 file data/sv-benchmarks/c/combinations/gcd_3+newton_3_7.i function main2 line 90 thread 0
----------------------------------------------------
  IN=0.0f (00000000 00000000 00000000 00000000)
State 32 file data/sv-benchmarks/c/combinations/gcd_3+newton_3_7.i function main2 line 90 thread 0
----------------------------------------------------
  IN=-1.268021f (10111111 10100010 01001110 10000111)
State 35 file data/sv-benchmarks/c/combinations/gcd_3+newton_3_7.i function main2 line 91 thread 0
----------------------------------------------------
  cond=1 (00000000 00000000 00000000 00000001)
State 38 file data/sv-benchmarks/c/combinations/gcd_3+newton_3_7.i function main2 line 93 thread 0
----------------------------------------------------
  x=0.0f (00000000 00000000 00000000 00000000)
State 42 file data/sv-benchmarks/c/combinations/gcd_3+newton_3_7.i function main2 line 93 thread 0
----------------------------------------------------
  x=-1.268021f (10111111 10100010 01001110 10000111)
State 49 file data/sv-benchmarks/c/combinations/gcd_3+newton_3_7.i function main2 line 93 thread 0
----------------------------------------------------
  x=-1.268021f (10111111 10100010 01001110 10000111)
State 53 file data/sv-benchmarks/c/combinations/gcd_3+newton_3_7.i function main2 line 93 thread 0
----------------------------------------------------
  x=1.822173f (00111111 11101001 00111100 11110011)
State 57 file data/sv-benchmarks/c/combinations/gcd_3+newton_3_7.i function main2 line 95 thread 0
----------------------------------------------------
  x=1.822173f (00111111 11101001 00111100 11110011)
State 64 file data/sv-benchmarks/c/combinations/gcd_3+newton_3_7.i function main2 line 95 thread 0
----------------------------------------------------
  x=1.822173f (00111111 11101001 00111100 11110011)
State 68 file data/sv-benchmarks/c/combinations/gcd_3+newton_3_7.i function main2 line 95 thread 0
----------------------------------------------------
  x=8.453442f (01000001 00000111 01000001 01001100)
State 72 file data/sv-benchmarks/c/combinations/gcd_3+newton_3_7.i function main2 line 97 thread 0
----------------------------------------------------
  x=8.453442f (01000001 00000111 01000001 01001100)
State 79 file data/sv-benchmarks/c/combinations/gcd_3+newton_3_7.i function main2 line 97 thread 0
----------------------------------------------------
  x=8.453442f (01000001 00000111 01000001 01001100)
State 83 file data/sv-benchmarks/c/combinations/gcd_3+newton_3_7.i function main2 line 97 thread 0
----------------------------------------------------
  x=7.169158f (01000000 11100101 01101001 10111110)
Violated property:
  file data/sv-benchmarks/c/combinations/gcd_3+newton_3_7.i function reach_error line 22 thread 0
  assertion 0
  FALSE
** 1 of 1 failed (2 iterations)
VERIFICATION FAILED
